2024/09/19 12:30:08 [notice] 1#1: using the "epoll" event method
2024/09/19 12:30:08 [notice] 1#1: nginx/1.27.1
2024/09/19 12:30:08 [notice] 1#1: built by gcc 12.2.0 (Debian 12.2.0-14) 
2024/09/19 12:30:08 [notice] 1#1: OS: Linux 6.10.4-linuxkit
2024/09/19 12:30:08 [notice] 1#1: getrlimit(RLIMIT_NOFILE): 1048576:1048576
2024/09/19 12:30:08 [notice] 1#1: start worker processes
2024/09/19 12:30:08 [notice] 1#1: start worker process 29
2024/09/19 12:30:08 [notice] 1#1: start worker process 30
2024/09/19 12:30:08 [notice] 1#1: start worker process 31
2024/09/19 12:30:08 [notice] 1#1: start worker process 32
2024/09/19 12:30:08 [notice] 1#1: start worker process 33
2024/09/19 12:30:08 [notice] 1#1: start worker process 34
2024/09/19 12:30:08 [notice] 1#1: start worker process 35
2024/09/19 12:30:08 [notice] 1#1: start worker process 36
2024/09/19 12:30:08 [notice] 1#1: start worker process 37
2024/09/19 12:30:08 [notice] 1#1: start worker process 38
2024/09/19 12:30:08 [notice] 1#1: start worker process 39
2024/09/19 12:30:08 [notice] 1#1: start worker process 40
2024/09/19 12:30:17 [error] 29#29: *1 no resolver defined to resolve app, client: 192.168.65.1, server: _, request: "GET / HTTP/1.1", host: "example1.localhost"
2024/09/19 12:30:28 [notice] 1#1: signal 3 (SIGQUIT) received, shutting down
2024/09/19 12:30:28 [notice] 30#30: gracefully shutting down
2024/09/19 12:30:28 [notice] 31#31: gracefully shutting down
2024/09/19 12:30:28 [notice] 33#33: gracefully shutting down
2024/09/19 12:30:28 [notice] 32#32: gracefully shutting down
2024/09/19 12:30:28 [notice] 29#29: gracefully shutting down
2024/09/19 12:30:28 [notice] 40#40: gracefully shutting down
2024/09/19 12:30:28 [notice] 36#36: gracefully shutting down
2024/09/19 12:30:28 [notice] 39#39: gracefully shutting down
2024/09/19 12:30:28 [notice] 38#38: gracefully shutting down
2024/09/19 12:30:28 [notice] 34#34: gracefully shutting down
2024/09/19 12:30:28 [notice] 35#35: gracefully shutting down
2024/09/19 12:30:28 [notice] 37#37: gracefully shutting down
2024/09/19 12:30:28 [notice] 35#35: exiting
2024/09/19 12:30:28 [notice] 30#30: exiting
2024/09/19 12:30:28 [notice] 31#31: exiting
2024/09/19 12:30:28 [notice] 30#30: exit
2024/09/19 12:30:28 [notice] 33#33: exiting
2024/09/19 12:30:28 [notice] 31#31: exit
2024/09/19 12:30:28 [notice] 32#32: exiting
2024/09/19 12:30:28 [notice] 29#29: exiting
2024/09/19 12:30:28 [notice] 40#40: exiting
2024/09/19 12:30:28 [notice] 36#36: exiting
2024/09/19 12:30:28 [notice] 39#39: exiting
2024/09/19 12:30:28 [notice] 38#38: exiting
2024/09/19 12:30:28 [notice] 34#34: exiting
2024/09/19 12:30:28 [notice] 37#37: exiting
2024/09/19 12:30:28 [notice] 35#35: exit
2024/09/19 12:30:28 [notice] 33#33: exit
2024/09/19 12:30:28 [notice] 37#37: exit
2024/09/19 12:30:28 [notice] 32#32: exit
2024/09/19 12:30:28 [notice] 29#29: exit
2024/09/19 12:30:28 [notice] 40#40: exit
2024/09/19 12:30:28 [notice] 36#36: exit
2024/09/19 12:30:28 [notice] 39#39: exit
2024/09/19 12:30:28 [notice] 38#38: exit
2024/09/19 12:30:28 [notice] 34#34: exit
2024/09/19 12:30:28 [notice] 1#1: signal 17 (SIGCHLD) received from 35
2024/09/19 12:30:28 [notice] 1#1: worker process 33 exited with code 0
2024/09/19 12:30:28 [notice] 1#1: worker process 35 exited with code 0
2024/09/19 12:30:28 [notice] 1#1: signal 29 (SIGIO) received
2024/09/19 12:30:28 [notice] 1#1: signal 17 (SIGCHLD) received from 33
2024/09/19 12:30:28 [notice] 1#1: signal 17 (SIGCHLD) received from 38
2024/09/19 12:30:28 [notice] 1#1: worker process 29 exited with code 0
2024/09/19 12:30:28 [notice] 1#1: worker process 31 exited with code 0
2024/09/19 12:30:28 [notice] 1#1: worker process 32 exited with code 0
2024/09/19 12:30:28 [notice] 1#1: worker process 37 exited with code 0
2024/09/19 12:30:28 [notice] 1#1: worker process 38 exited with code 0
2024/09/19 12:30:28 [notice] 1#1: worker process 39 exited with code 0
2024/09/19 12:30:28 [notice] 1#1: worker process 40 exited with code 0
2024/09/19 12:30:28 [notice] 1#1: signal 29 (SIGIO) received
2024/09/19 12:30:28 [notice] 1#1: signal 17 (SIGCHLD) received from 39
2024/09/19 12:30:28 [notice] 1#1: signal 17 (SIGCHLD) received from 30
2024/09/19 12:30:28 [notice] 1#1: worker process 30 exited with code 0
2024/09/19 12:30:28 [notice] 1#1: worker process 34 exited with code 0
2024/09/19 12:30:28 [notice] 1#1: worker process 36 exited with code 0
2024/09/19 12:30:28 [notice] 1#1: exit
2024/09/19 12:30:36 [notice] 1#1: using the "epoll" event method
2024/09/19 12:30:36 [notice] 1#1: nginx/1.27.1
2024/09/19 12:30:36 [notice] 1#1: built by gcc 12.2.0 (Debian 12.2.0-14) 
2024/09/19 12:30:36 [notice] 1#1: OS: Linux 6.10.4-linuxkit
2024/09/19 12:30:36 [notice] 1#1: getrlimit(RLIMIT_NOFILE): 1048576:1048576
2024/09/19 12:30:36 [notice] 1#1: start worker processes
2024/09/19 12:30:36 [notice] 1#1: start worker process 22
2024/09/19 12:30:36 [notice] 1#1: start worker process 23
2024/09/19 12:30:36 [notice] 1#1: start worker process 24
2024/09/19 12:30:36 [notice] 1#1: start worker process 25
2024/09/19 12:30:36 [notice] 1#1: start worker process 26
2024/09/19 12:30:36 [notice] 1#1: start worker process 27
2024/09/19 12:30:36 [notice] 1#1: start worker process 28
2024/09/19 12:30:36 [notice] 1#1: start worker process 29
2024/09/19 12:30:36 [notice] 1#1: start worker process 30
2024/09/19 12:30:36 [notice] 1#1: start worker process 31
2024/09/19 12:30:36 [notice] 1#1: start worker process 32
2024/09/19 12:30:36 [notice] 1#1: start worker process 33
2024/09/19 12:30:37 [error] 22#22: *1 no resolver defined to resolve app, client: 192.168.65.1, server: example1.localhost, request: "GET / HTTP/1.1", host: "example1.localhost"
2024/09/19 12:30:37 [error] 22#22: *1 no resolver defined to resolve app, client: 192.168.65.1, server: example1.localhost, request: "GET / HTTP/1.1", host: "example1.localhost"
2024/09/19 12:30:46 [error] 23#23: *2 no resolver defined to resolve app, client: 192.168.65.1, server: example1.localhost, request: "GET / HTTP/1.1", host: "example1.localhost"
2024/09/19 12:33:03 [notice] 1#1: signal 3 (SIGQUIT) received, shutting down
2024/09/19 12:33:03 [notice] 22#22: gracefully shutting down
2024/09/19 12:33:03 [notice] 23#23: gracefully shutting down
2024/09/19 12:33:03 [notice] 22#22: exiting
2024/09/19 12:33:03 [notice] 26#26: gracefully shutting down
2024/09/19 12:33:03 [notice] 31#31: gracefully shutting down
2024/09/19 12:33:03 [notice] 24#24: gracefully shutting down
2024/09/19 12:33:03 [notice] 25#25: gracefully shutting down
2024/09/19 12:33:03 [notice] 29#29: gracefully shutting down
2024/09/19 12:33:03 [notice] 27#27: gracefully shutting down
2024/09/19 12:33:03 [notice] 28#28: gracefully shutting down
2024/09/19 12:33:03 [notice] 27#27: exiting
2024/09/19 12:33:03 [notice] 23#23: exiting
2024/09/19 12:33:03 [notice] 30#30: gracefully shutting down
2024/09/19 12:33:03 [notice] 32#32: gracefully shutting down
2024/09/19 12:33:03 [notice] 33#33: gracefully shutting down
2024/09/19 12:33:03 [notice] 26#26: exiting
2024/09/19 12:33:03 [notice] 31#31: exiting
2024/09/19 12:33:03 [notice] 22#22: exit
2024/09/19 12:33:03 [notice] 24#24: exiting
2024/09/19 12:33:03 [notice] 25#25: exiting
2024/09/19 12:33:03 [notice] 29#29: exiting
2024/09/19 12:33:03 [notice] 28#28: exiting
2024/09/19 12:33:03 [notice] 25#25: exit
2024/09/19 12:33:03 [notice] 27#27: exit
2024/09/19 12:33:03 [notice] 30#30: exiting
2024/09/19 12:33:03 [notice] 32#32: exiting
2024/09/19 12:33:03 [notice] 23#23: exit
2024/09/19 12:33:03 [notice] 33#33: exiting
2024/09/19 12:33:03 [notice] 32#32: exit
2024/09/19 12:33:03 [notice] 26#26: exit
2024/09/19 12:33:03 [notice] 31#31: exit
2024/09/19 12:33:03 [notice] 24#24: exit
2024/09/19 12:33:03 [notice] 29#29: exit
2024/09/19 12:33:03 [notice] 28#28: exit
2024/09/19 12:33:03 [notice] 30#30: exit
2024/09/19 12:33:03 [notice] 33#33: exit
2024/09/19 12:33:03 [notice] 1#1: signal 17 (SIGCHLD) received from 22
2024/09/19 12:33:03 [notice] 1#1: worker process 22 exited with code 0
2024/09/19 12:33:03 [notice] 1#1: signal 29 (SIGIO) received
2024/09/19 12:33:03 [notice] 1#1: signal 17 (SIGCHLD) received from 23
2024/09/19 12:33:03 [notice] 1#1: worker process 23 exited with code 0
2024/09/19 12:33:03 [notice] 1#1: worker process 24 exited with code 0
2024/09/19 12:33:03 [notice] 1#1: worker process 26 exited with code 0
2024/09/19 12:33:03 [notice] 1#1: worker process 27 exited with code 0
2024/09/19 12:33:03 [notice] 1#1: worker process 28 exited with code 0
2024/09/19 12:33:03 [notice] 1#1: worker process 29 exited with code 0
2024/09/19 12:33:03 [notice] 1#1: worker process 30 exited with code 0
2024/09/19 12:33:03 [notice] 1#1: worker process 31 exited with code 0
2024/09/19 12:33:03 [notice] 1#1: worker process 32 exited with code 0
2024/09/19 12:33:03 [notice] 1#1: worker process 33 exited with code 0
2024/09/19 12:33:03 [notice] 1#1: signal 29 (SIGIO) received
2024/09/19 12:33:03 [notice] 1#1: signal 17 (SIGCHLD) received from 24
2024/09/19 12:33:03 [notice] 1#1: signal 17 (SIGCHLD) received from 25
2024/09/19 12:33:03 [notice] 1#1: worker process 25 exited with code 0
2024/09/19 12:33:03 [notice] 1#1: exit
2024/09/19 12:33:06 [notice] 1#1: using the "epoll" event method
2024/09/19 12:33:06 [notice] 1#1: nginx/1.27.1
2024/09/19 12:33:06 [notice] 1#1: built by gcc 12.2.0 (Debian 12.2.0-14) 
2024/09/19 12:33:06 [notice] 1#1: OS: Linux 6.10.4-linuxkit
2024/09/19 12:33:06 [notice] 1#1: getrlimit(RLIMIT_NOFILE): 1048576:1048576
2024/09/19 12:33:06 [notice] 1#1: start worker processes
2024/09/19 12:33:06 [notice] 1#1: start worker process 21
2024/09/19 12:33:06 [notice] 1#1: start worker process 22
2024/09/19 12:33:06 [notice] 1#1: start worker process 23
2024/09/19 12:33:06 [notice] 1#1: start worker process 24
2024/09/19 12:33:06 [notice] 1#1: start worker process 25
2024/09/19 12:33:06 [notice] 1#1: start worker process 26
2024/09/19 12:33:06 [notice] 1#1: start worker process 27
2024/09/19 12:33:06 [notice] 1#1: start worker process 28
2024/09/19 12:33:06 [notice] 1#1: start worker process 29
2024/09/19 12:33:06 [notice] 1#1: start worker process 30
2024/09/19 12:33:06 [notice] 1#1: start worker process 31
2024/09/19 12:33:06 [notice] 1#1: start worker process 32
2024/09/19 12:37:26 [notice] 1#1: signal 3 (SIGQUIT) received, shutting down
2024/09/19 12:37:26 [notice] 22#22: gracefully shutting down
2024/09/19 12:37:26 [notice] 24#24: gracefully shutting down
2024/09/19 12:37:26 [notice] 25#25: gracefully shutting down
2024/09/19 12:37:26 [notice] 23#23: gracefully shutting down
2024/09/19 12:37:26 [notice] 25#25: exiting
2024/09/19 12:37:26 [notice] 21#21: gracefully shutting down
2024/09/19 12:37:26 [notice] 23#23: exiting
2024/09/19 12:37:26 [notice] 27#27: gracefully shutting down
2024/09/19 12:37:26 [notice] 28#28: gracefully shutting down
2024/09/19 12:37:26 [notice] 29#29: gracefully shutting down
2024/09/19 12:37:26 [notice] 28#28: exiting
2024/09/19 12:37:26 [notice] 30#30: gracefully shutting down
2024/09/19 12:37:26 [notice] 26#26: gracefully shutting down
2024/09/19 12:37:26 [notice] 31#31: gracefully shutting down
2024/09/19 12:37:26 [notice] 32#32: gracefully shutting down
2024/09/19 12:37:26 [notice] 22#22: exiting
2024/09/19 12:37:26 [notice] 24#24: exiting
2024/09/19 12:37:26 [notice] 21#21: exiting
2024/09/19 12:37:26 [notice] 27#27: exiting
2024/09/19 12:37:26 [notice] 22#22: exit
2024/09/19 12:37:26 [notice] 25#25: exit
2024/09/19 12:37:26 [notice] 23#23: exit
2024/09/19 12:37:26 [notice] 29#29: exiting
2024/09/19 12:37:26 [notice] 30#30: exiting
2024/09/19 12:37:26 [notice] 28#28: exit
2024/09/19 12:37:26 [notice] 26#26: exiting
2024/09/19 12:37:26 [notice] 31#31: exiting
2024/09/19 12:37:26 [notice] 32#32: exiting
2024/09/19 12:37:26 [notice] 30#30: exit
2024/09/19 12:37:26 [notice] 21#21: exit
2024/09/19 12:37:26 [notice] 24#24: exit
2024/09/19 12:37:26 [notice] 27#27: exit
2024/09/19 12:37:26 [notice] 29#29: exit
2024/09/19 12:37:26 [notice] 26#26: exit
2024/09/19 12:37:26 [notice] 32#32: exit
2024/09/19 12:37:26 [notice] 31#31: exit
2024/09/19 12:37:26 [notice] 1#1: signal 17 (SIGCHLD) received from 24
2024/09/19 12:37:26 [notice] 1#1: worker process 21 exited with code 0
2024/09/19 12:37:26 [notice] 1#1: worker process 23 exited with code 0
2024/09/19 12:37:26 [notice] 1#1: worker process 24 exited with code 0
2024/09/19 12:37:26 [notice] 1#1: worker process 27 exited with code 0
2024/09/19 12:37:26 [notice] 1#1: worker process 28 exited with code 0
2024/09/19 12:37:26 [notice] 1#1: worker process 32 exited with code 0
2024/09/19 12:37:26 [notice] 1#1: signal 29 (SIGIO) received
2024/09/19 12:37:26 [notice] 1#1: signal 17 (SIGCHLD) received from 21
2024/09/19 12:37:26 [notice] 1#1: signal 17 (SIGCHLD) received from 25
2024/09/19 12:37:26 [notice] 1#1: worker process 25 exited with code 0
2024/09/19 12:37:26 [notice] 1#1: worker process 29 exited with code 0
2024/09/19 12:37:26 [notice] 1#1: worker process 22 exited with code 0
2024/09/19 12:37:26 [notice] 1#1: worker process 30 exited with code 0
2024/09/19 12:37:26 [notice] 1#1: worker process 31 exited with code 0
2024/09/19 12:37:26 [notice] 1#1: worker process 26 exited with code 0
2024/09/19 12:37:26 [notice] 1#1: exit
2024/09/19 12:37:28 [notice] 1#1: using the "epoll" event method
2024/09/19 12:37:28 [notice] 1#1: nginx/1.27.1
2024/09/19 12:37:28 [notice] 1#1: built by gcc 12.2.0 (Debian 12.2.0-14) 
2024/09/19 12:37:28 [notice] 1#1: OS: Linux 6.10.4-linuxkit
2024/09/19 12:37:28 [notice] 1#1: getrlimit(RLIMIT_NOFILE): 1048576:1048576
2024/09/19 12:37:28 [notice] 1#1: start worker processes
2024/09/19 12:37:28 [notice] 1#1: start worker process 22
2024/09/19 12:37:28 [notice] 1#1: start worker process 23
2024/09/19 12:37:28 [notice] 1#1: start worker process 24
2024/09/19 12:37:28 [notice] 1#1: start worker process 25
2024/09/19 12:37:28 [notice] 1#1: start worker process 26
2024/09/19 12:37:28 [notice] 1#1: start worker process 27
2024/09/19 12:37:28 [notice] 1#1: start worker process 28
2024/09/19 12:37:28 [notice] 1#1: start worker process 29
2024/09/19 12:37:28 [notice] 1#1: start worker process 30
2024/09/19 12:37:28 [notice] 1#1: start worker process 31
2024/09/19 12:37:28 [notice] 1#1: start worker process 32
2024/09/19 12:37:28 [notice] 1#1: start worker process 33
2024/09/19 12:37:54 [notice] 1#1: signal 3 (SIGQUIT) received, shutting down
2024/09/19 12:37:54 [notice] 23#23: gracefully shutting down
2024/09/19 12:37:54 [notice] 33#33: gracefully shutting down
2024/09/19 12:37:54 [notice] 22#22: gracefully shutting down
2024/09/19 12:37:54 [notice] 24#24: gracefully shutting down
2024/09/19 12:37:54 [notice] 25#25: gracefully shutting down
2024/09/19 12:37:54 [notice] 25#25: exiting
2024/09/19 12:37:54 [notice] 29#29: gracefully shutting down
2024/09/19 12:37:54 [notice] 26#26: gracefully shutting down
2024/09/19 12:37:54 [notice] 26#26: exiting
2024/09/19 12:37:54 [notice] 28#28: gracefully shutting down
2024/09/19 12:37:54 [notice] 28#28: exiting
2024/09/19 12:37:54 [notice] 27#27: gracefully shutting down
2024/09/19 12:37:54 [notice] 30#30: gracefully shutting down
2024/09/19 12:37:54 [notice] 31#31: gracefully shutting down
2024/09/19 12:37:54 [notice] 23#23: exiting
2024/09/19 12:37:54 [notice] 32#32: gracefully shutting down
2024/09/19 12:37:54 [notice] 33#33: exiting
2024/09/19 12:37:54 [notice] 22#22: exiting
2024/09/19 12:37:54 [notice] 24#24: exiting
2024/09/19 12:37:54 [notice] 25#25: exit
2024/09/19 12:37:54 [notice] 29#29: exiting
2024/09/19 12:37:54 [notice] 26#26: exit
2024/09/19 12:37:54 [notice] 28#28: exit
2024/09/19 12:37:54 [notice] 29#29: exit
2024/09/19 12:37:54 [notice] 27#27: exiting
2024/09/19 12:37:54 [notice] 30#30: exiting
2024/09/19 12:37:54 [notice] 31#31: exiting
2024/09/19 12:37:54 [notice] 32#32: exiting
2024/09/19 12:37:54 [notice] 23#23: exit
2024/09/19 12:37:54 [notice] 33#33: exit
2024/09/19 12:37:54 [notice] 22#22: exit
2024/09/19 12:37:54 [notice] 24#24: exit
2024/09/19 12:37:54 [notice] 27#27: exit
2024/09/19 12:37:54 [notice] 30#30: exit
2024/09/19 12:37:54 [notice] 31#31: exit
2024/09/19 12:37:54 [notice] 32#32: exit
2024/09/19 12:37:54 [notice] 1#1: signal 17 (SIGCHLD) received from 28
2024/09/19 12:37:54 [notice] 1#1: worker process 22 exited with code 0
2024/09/19 12:37:54 [notice] 1#1: worker process 25 exited with code 0
2024/09/19 12:37:54 [notice] 1#1: worker process 26 exited with code 0
2024/09/19 12:37:54 [notice] 1#1: worker process 28 exited with code 0
2024/09/19 12:37:54 [notice] 1#1: signal 29 (SIGIO) received
2024/09/19 12:37:54 [notice] 1#1: signal 17 (SIGCHLD) received from 22
2024/09/19 12:37:54 [notice] 1#1: signal 17 (SIGCHLD) received from 23
2024/09/19 12:37:54 [notice] 1#1: worker process 23 exited with code 0
2024/09/19 12:37:54 [notice] 1#1: worker process 31 exited with code 0
2024/09/19 12:37:54 [notice] 1#1: worker process 32 exited with code 0
2024/09/19 12:37:54 [notice] 1#1: signal 29 (SIGIO) received
2024/09/19 12:37:54 [notice] 1#1: signal 17 (SIGCHLD) received from 31
2024/09/19 12:37:54 [notice] 1#1: signal 17 (SIGCHLD) received from 24
2024/09/19 12:37:54 [notice] 1#1: worker process 24 exited with code 0
2024/09/19 12:37:54 [notice] 1#1: worker process 29 exited with code 0
2024/09/19 12:37:54 [notice] 1#1: worker process 30 exited with code 0
2024/09/19 12:37:54 [notice] 1#1: worker process 33 exited with code 0
2024/09/19 12:37:54 [notice] 1#1: signal 29 (SIGIO) received
2024/09/19 12:37:54 [notice] 1#1: signal 17 (SIGCHLD) received from 33
2024/09/19 12:37:54 [notice] 1#1: signal 17 (SIGCHLD) received from 27
2024/09/19 12:37:54 [notice] 1#1: worker process 27 exited with code 0
2024/09/19 12:37:54 [notice] 1#1: exit
2024/09/19 12:37:56 [notice] 1#1: using the "epoll" event method
2024/09/19 12:37:56 [notice] 1#1: nginx/1.27.1
2024/09/19 12:37:56 [notice] 1#1: built by gcc 12.2.0 (Debian 12.2.0-14) 
2024/09/19 12:37:56 [notice] 1#1: OS: Linux 6.10.4-linuxkit
2024/09/19 12:37:56 [notice] 1#1: getrlimit(RLIMIT_NOFILE): 1048576:1048576
2024/09/19 12:37:56 [notice] 1#1: start worker processes
2024/09/19 12:37:56 [notice] 1#1: start worker process 22
2024/09/19 12:37:56 [notice] 1#1: start worker process 23
2024/09/19 12:37:56 [notice] 1#1: start worker process 24
2024/09/19 12:37:56 [notice] 1#1: start worker process 25
2024/09/19 12:37:56 [notice] 1#1: start worker process 26
2024/09/19 12:37:56 [notice] 1#1: start worker process 27
2024/09/19 12:37:56 [notice] 1#1: start worker process 28
2024/09/19 12:37:56 [notice] 1#1: start worker process 29
2024/09/19 12:37:56 [notice] 1#1: start worker process 30
2024/09/19 12:37:56 [notice] 1#1: start worker process 31
2024/09/19 12:37:56 [notice] 1#1: start worker process 32
2024/09/19 12:37:56 [notice] 1#1: start worker process 33
2024/09/19 12:39:20 [notice] 1#1: signal 3 (SIGQUIT) received, shutting down
2024/09/19 12:39:20 [notice] 24#24: gracefully shutting down
2024/09/19 12:39:20 [notice] 23#23: gracefully shutting down
2024/09/19 12:39:20 [notice] 25#25: gracefully shutting down
2024/09/19 12:39:20 [notice] 22#22: gracefully shutting down
2024/09/19 12:39:20 [notice] 27#27: gracefully shutting down
2024/09/19 12:39:20 [notice] 26#26: gracefully shutting down
2024/09/19 12:39:20 [notice] 28#28: gracefully shutting down
2024/09/19 12:39:20 [notice] 28#28: exiting
2024/09/19 12:39:20 [notice] 29#29: gracefully shutting down
2024/09/19 12:39:20 [notice] 30#30: gracefully shutting down
2024/09/19 12:39:20 [notice] 30#30: exiting
2024/09/19 12:39:20 [notice] 31#31: gracefully shutting down
2024/09/19 12:39:20 [notice] 31#31: exiting
2024/09/19 12:39:20 [notice] 32#32: gracefully shutting down
2024/09/19 12:39:20 [notice] 33#33: gracefully shutting down
2024/09/19 12:39:20 [notice] 24#24: exiting
2024/09/19 12:39:20 [notice] 23#23: exiting
2024/09/19 12:39:20 [notice] 25#25: exiting
2024/09/19 12:39:20 [notice] 22#22: exiting
2024/09/19 12:39:20 [notice] 27#27: exiting
2024/09/19 12:39:20 [notice] 26#26: exiting
2024/09/19 12:39:20 [notice] 29#29: exiting
2024/09/19 12:39:20 [notice] 28#28: exit
2024/09/19 12:39:20 [notice] 30#30: exit
2024/09/19 12:39:20 [notice] 32#32: exiting
2024/09/19 12:39:20 [notice] 31#31: exit
2024/09/19 12:39:20 [notice] 33#33: exiting
2024/09/19 12:39:20 [notice] 24#24: exit
2024/09/19 12:39:20 [notice] 23#23: exit
2024/09/19 12:39:20 [notice] 33#33: exit
2024/09/19 12:39:20 [notice] 25#25: exit
2024/09/19 12:39:20 [notice] 22#22: exit
2024/09/19 12:39:20 [notice] 27#27: exit
2024/09/19 12:39:20 [notice] 26#26: exit
2024/09/19 12:39:20 [notice] 29#29: exit
2024/09/19 12:39:20 [notice] 32#32: exit
2024/09/19 12:39:20 [notice] 1#1: signal 17 (SIGCHLD) received from 26
2024/09/19 12:39:20 [notice] 1#1: worker process 22 exited with code 0
2024/09/19 12:39:20 [notice] 1#1: worker process 25 exited with code 0
2024/09/19 12:39:20 [notice] 1#1: worker process 26 exited with code 0
2024/09/19 12:39:20 [notice] 1#1: worker process 28 exited with code 0
2024/09/19 12:39:20 [notice] 1#1: worker process 24 exited with code 0
2024/09/19 12:39:20 [notice] 1#1: worker process 29 exited with code 0
2024/09/19 12:39:20 [notice] 1#1: worker process 31 exited with code 0
2024/09/19 12:39:20 [notice] 1#1: worker process 32 exited with code 0
2024/09/19 12:39:20 [notice] 1#1: worker process 33 exited with code 0
2024/09/19 12:39:20 [notice] 1#1: signal 29 (SIGIO) received
2024/09/19 12:39:20 [notice] 1#1: signal 17 (SIGCHLD) received from 28
2024/09/19 12:39:20 [notice] 1#1: signal 17 (SIGCHLD) received from 27
2024/09/19 12:39:20 [notice] 1#1: worker process 27 exited with code 0
2024/09/19 12:39:20 [notice] 1#1: worker process 23 exited with code 0
2024/09/19 12:39:20 [notice] 1#1: worker process 30 exited with code 0
2024/09/19 12:39:20 [notice] 1#1: exit
2024/09/19 12:39:21 [notice] 1#1: using the "epoll" event method
2024/09/19 12:39:21 [notice] 1#1: nginx/1.27.1
2024/09/19 12:39:21 [notice] 1#1: built by gcc 12.2.0 (Debian 12.2.0-14) 
2024/09/19 12:39:21 [notice] 1#1: OS: Linux 6.10.4-linuxkit
2024/09/19 12:39:21 [notice] 1#1: getrlimit(RLIMIT_NOFILE): 1048576:1048576
2024/09/19 12:39:21 [notice] 1#1: start worker processes
2024/09/19 12:39:21 [notice] 1#1: start worker process 22
2024/09/19 12:39:21 [notice] 1#1: start worker process 23
2024/09/19 12:39:21 [notice] 1#1: start worker process 24
2024/09/19 12:39:21 [notice] 1#1: start worker process 25
2024/09/19 12:39:21 [notice] 1#1: start worker process 26
2024/09/19 12:39:21 [notice] 1#1: start worker process 27
2024/09/19 12:39:21 [notice] 1#1: start worker process 28
2024/09/19 12:39:21 [notice] 1#1: start worker process 29
2024/09/19 12:39:21 [notice] 1#1: start worker process 30
2024/09/19 12:39:21 [notice] 1#1: start worker process 31
2024/09/19 12:39:21 [notice] 1#1: start worker process 32
2024/09/19 12:39:21 [notice] 1#1: start worker process 33
2024/09/19 12:39:34 [notice] 1#1: signal 3 (SIGQUIT) received, shutting down
2024/09/19 12:39:34 [notice] 22#22: gracefully shutting down
2024/09/19 12:39:34 [notice] 23#23: gracefully shutting down
2024/09/19 12:39:34 [notice] 24#24: gracefully shutting down
2024/09/19 12:39:34 [notice] 26#26: gracefully shutting down
2024/09/19 12:39:34 [notice] 25#25: gracefully shutting down
2024/09/19 12:39:34 [notice] 27#27: gracefully shutting down
2024/09/19 12:39:34 [notice] 28#28: gracefully shutting down
2024/09/19 12:39:34 [notice] 29#29: gracefully shutting down
2024/09/19 12:39:34 [notice] 30#30: gracefully shutting down
2024/09/19 12:39:34 [notice] 31#31: gracefully shutting down
2024/09/19 12:39:34 [notice] 32#32: gracefully shutting down
2024/09/19 12:39:34 [notice] 33#33: gracefully shutting down
2024/09/19 12:39:34 [notice] 22#22: exiting
2024/09/19 12:39:34 [notice] 33#33: exiting
2024/09/19 12:39:34 [notice] 23#23: exiting
2024/09/19 12:39:34 [notice] 24#24: exiting
2024/09/19 12:39:34 [notice] 26#26: exiting
2024/09/19 12:39:34 [notice] 25#25: exiting
2024/09/19 12:39:34 [notice] 27#27: exiting
2024/09/19 12:39:34 [notice] 28#28: exiting
2024/09/19 12:39:34 [notice] 29#29: exiting
2024/09/19 12:39:34 [notice] 27#27: exit
2024/09/19 12:39:34 [notice] 30#30: exiting
2024/09/19 12:39:34 [notice] 31#31: exiting
2024/09/19 12:39:34 [notice] 32#32: exiting
2024/09/19 12:39:34 [notice] 22#22: exit
2024/09/19 12:39:34 [notice] 33#33: exit
2024/09/19 12:39:34 [notice] 24#24: exit
2024/09/19 12:39:34 [notice] 23#23: exit
2024/09/19 12:39:34 [notice] 26#26: exit
2024/09/19 12:39:34 [notice] 25#25: exit
2024/09/19 12:39:34 [notice] 28#28: exit
2024/09/19 12:39:34 [notice] 29#29: exit
2024/09/19 12:39:34 [notice] 30#30: exit
2024/09/19 12:39:34 [notice] 31#31: exit
2024/09/19 12:39:34 [notice] 32#32: exit
2024/09/19 12:39:34 [notice] 1#1: signal 17 (SIGCHLD) received from 33
2024/09/19 12:39:34 [notice] 1#1: worker process 22 exited with code 0
2024/09/19 12:39:34 [notice] 1#1: worker process 23 exited with code 0
2024/09/19 12:39:34 [notice] 1#1: worker process 26 exited with code 0
2024/09/19 12:39:34 [notice] 1#1: worker process 24 exited with code 0
2024/09/19 12:39:34 [notice] 1#1: worker process 27 exited with code 0
2024/09/19 12:39:34 [notice] 1#1: worker process 28 exited with code 0
2024/09/19 12:39:34 [notice] 1#1: worker process 29 exited with code 0
2024/09/19 12:39:34 [notice] 1#1: worker process 30 exited with code 0
2024/09/19 12:39:34 [notice] 1#1: worker process 31 exited with code 0
2024/09/19 12:39:34 [notice] 1#1: worker process 32 exited with code 0
2024/09/19 12:39:34 [notice] 1#1: worker process 33 exited with code 0
2024/09/19 12:39:34 [notice] 1#1: signal 29 (SIGIO) received
2024/09/19 12:39:34 [notice] 1#1: signal 17 (SIGCHLD) received from 22
2024/09/19 12:39:34 [notice] 1#1: signal 17 (SIGCHLD) received from 25
2024/09/19 12:39:34 [notice] 1#1: worker process 25 exited with code 0
2024/09/19 12:39:34 [notice] 1#1: exit
2024/09/19 12:40:08 [notice] 1#1: using the "epoll" event method
2024/09/19 12:40:08 [notice] 1#1: nginx/1.27.1
2024/09/19 12:40:08 [notice] 1#1: built by gcc 12.2.0 (Debian 12.2.0-14) 
2024/09/19 12:40:08 [notice] 1#1: OS: Linux 6.10.4-linuxkit
2024/09/19 12:40:08 [notice] 1#1: getrlimit(RLIMIT_NOFILE): 1048576:1048576
2024/09/19 12:40:08 [notice] 1#1: start worker processes
2024/09/19 12:40:08 [notice] 1#1: start worker process 29
2024/09/19 12:40:08 [notice] 1#1: start worker process 30
2024/09/19 12:40:08 [notice] 1#1: start worker process 31
2024/09/19 12:40:08 [notice] 1#1: start worker process 32
2024/09/19 12:40:08 [notice] 1#1: start worker process 33
2024/09/19 12:40:08 [notice] 1#1: start worker process 34
2024/09/19 12:40:08 [notice] 1#1: start worker process 35
2024/09/19 12:40:08 [notice] 1#1: start worker process 36
2024/09/19 12:40:08 [notice] 1#1: start worker process 37
2024/09/19 12:40:08 [notice] 1#1: start worker process 38
2024/09/19 12:40:08 [notice] 1#1: start worker process 39
2024/09/19 12:40:08 [notice] 1#1: start worker process 40
2024/09/19 12:41:00 [notice] 1#1: signal 3 (SIGQUIT) received, shutting down
2024/09/19 12:41:00 [notice] 29#29: gracefully shutting down
2024/09/19 12:41:00 [notice] 30#30: gracefully shutting down
2024/09/19 12:41:00 [notice] 32#32: gracefully shutting down
2024/09/19 12:41:00 [notice] 33#33: gracefully shutting down
2024/09/19 12:41:00 [notice] 34#34: gracefully shutting down
2024/09/19 12:41:00 [notice] 36#36: gracefully shutting down
2024/09/19 12:41:00 [notice] 31#31: gracefully shutting down
2024/09/19 12:41:00 [notice] 38#38: gracefully shutting down
2024/09/19 12:41:00 [notice] 39#39: gracefully shutting down
2024/09/19 12:41:00 [notice] 40#40: gracefully shutting down
2024/09/19 12:41:00 [notice] 35#35: gracefully shutting down
2024/09/19 12:41:00 [notice] 37#37: gracefully shutting down
2024/09/19 12:41:00 [notice] 35#35: exiting
2024/09/19 12:41:00 [notice] 29#29: exiting
2024/09/19 12:41:00 [notice] 30#30: exiting
2024/09/19 12:41:00 [notice] 32#32: exiting
2024/09/19 12:41:00 [notice] 33#33: exiting
2024/09/19 12:41:00 [notice] 34#34: exiting
2024/09/19 12:41:00 [notice] 36#36: exiting
2024/09/19 12:41:00 [notice] 31#31: exiting
2024/09/19 12:41:00 [notice] 38#38: exiting
2024/09/19 12:41:00 [notice] 36#36: exit
2024/09/19 12:41:00 [notice] 39#39: exiting
2024/09/19 12:41:00 [notice] 38#38: exit
2024/09/19 12:41:00 [notice] 40#40: exiting
2024/09/19 12:41:00 [notice] 37#37: exiting
2024/09/19 12:41:00 [notice] 35#35: exit
2024/09/19 12:41:00 [notice] 37#37: exit
2024/09/19 12:41:00 [notice] 29#29: exit
2024/09/19 12:41:00 [notice] 30#30: exit
2024/09/19 12:41:00 [notice] 32#32: exit
2024/09/19 12:41:00 [notice] 33#33: exit
2024/09/19 12:41:00 [notice] 34#34: exit
2024/09/19 12:41:00 [notice] 31#31: exit
2024/09/19 12:41:00 [notice] 39#39: exit
2024/09/19 12:41:00 [notice] 40#40: exit
2024/09/19 12:41:00 [notice] 1#1: signal 17 (SIGCHLD) received from 37
2024/09/19 12:41:00 [notice] 1#1: worker process 29 exited with code 0
2024/09/19 12:41:00 [notice] 1#1: worker process 30 exited with code 0
2024/09/19 12:41:00 [notice] 1#1: worker process 32 exited with code 0
2024/09/19 12:41:00 [notice] 1#1: worker process 31 exited with code 0
2024/09/19 12:41:00 [notice] 1#1: worker process 33 exited with code 0
2024/09/19 12:41:00 [notice] 1#1: worker process 34 exited with code 0
2024/09/19 12:41:00 [notice] 1#1: worker process 35 exited with code 0
2024/09/19 12:41:00 [notice] 1#1: worker process 36 exited with code 0
2024/09/19 12:41:00 [notice] 1#1: worker process 37 exited with code 0
2024/09/19 12:41:00 [notice] 1#1: worker process 38 exited with code 0
2024/09/19 12:41:00 [notice] 1#1: worker process 39 exited with code 0
2024/09/19 12:41:00 [notice] 1#1: worker process 40 exited with code 0
2024/09/19 12:41:00 [notice] 1#1: exit
2024/09/19 12:43:03 [notice] 1#1: using the "epoll" event method
2024/09/19 12:43:03 [notice] 1#1: nginx/1.27.1
2024/09/19 12:43:03 [notice] 1#1: built by gcc 12.2.0 (Debian 12.2.0-14) 
2024/09/19 12:43:03 [notice] 1#1: OS: Linux 6.10.4-linuxkit
2024/09/19 12:43:03 [notice] 1#1: getrlimit(RLIMIT_NOFILE): 1048576:1048576
2024/09/19 12:43:03 [notice] 1#1: start worker processes
2024/09/19 12:43:03 [notice] 1#1: start worker process 29
2024/09/19 12:43:03 [notice] 1#1: start worker process 30
2024/09/19 12:43:03 [notice] 1#1: start worker process 31
2024/09/19 12:43:03 [notice] 1#1: start worker process 32
2024/09/19 12:43:03 [notice] 1#1: start worker process 33
2024/09/19 12:43:03 [notice] 1#1: start worker process 34
2024/09/19 12:43:03 [notice] 1#1: start worker process 35
2024/09/19 12:43:03 [notice] 1#1: start worker process 36
2024/09/19 12:43:03 [notice] 1#1: start worker process 37
2024/09/19 12:43:03 [notice] 1#1: start worker process 38
2024/09/19 12:43:03 [notice] 1#1: start worker process 39
2024/09/19 12:43:03 [notice] 1#1: start worker process 40
2024/09/19 12:44:25 [notice] 1#1: signal 3 (SIGQUIT) received, shutting down
2024/09/19 12:44:25 [notice] 31#31: gracefully shutting down
2024/09/19 12:44:25 [notice] 30#30: gracefully shutting down
2024/09/19 12:44:25 [notice] 29#29: gracefully shutting down
2024/09/19 12:44:25 [notice] 32#32: gracefully shutting down
2024/09/19 12:44:25 [notice] 33#33: gracefully shutting down
2024/09/19 12:44:25 [notice] 34#34: gracefully shutting down
2024/09/19 12:44:25 [notice] 38#38: gracefully shutting down
2024/09/19 12:44:25 [notice] 37#37: gracefully shutting down
2024/09/19 12:44:25 [notice] 35#35: gracefully shutting down
2024/09/19 12:44:25 [notice] 39#39: gracefully shutting down
2024/09/19 12:44:25 [notice] 36#36: gracefully shutting down
2024/09/19 12:44:25 [notice] 40#40: gracefully shutting down
2024/09/19 12:44:25 [notice] 36#36: exiting
2024/09/19 12:44:25 [notice] 31#31: exiting
2024/09/19 12:44:25 [notice] 30#30: exiting
2024/09/19 12:44:25 [notice] 29#29: exiting
2024/09/19 12:44:25 [notice] 32#32: exiting
2024/09/19 12:44:25 [notice] 33#33: exiting
2024/09/19 12:44:25 [notice] 34#34: exiting
2024/09/19 12:44:25 [notice] 38#38: exiting
2024/09/19 12:44:25 [notice] 37#37: exiting
2024/09/19 12:44:25 [notice] 35#35: exiting
2024/09/19 12:44:25 [notice] 39#39: exiting
2024/09/19 12:44:25 [notice] 37#37: exit
2024/09/19 12:44:25 [notice] 40#40: exiting
2024/09/19 12:44:25 [notice] 31#31: exit
2024/09/19 12:44:25 [notice] 29#29: exit
2024/09/19 12:44:25 [notice] 30#30: exit
2024/09/19 12:44:25 [notice] 36#36: exit
2024/09/19 12:44:25 [notice] 33#33: exit
2024/09/19 12:44:25 [notice] 32#32: exit
2024/09/19 12:44:25 [notice] 34#34: exit
2024/09/19 12:44:25 [notice] 38#38: exit
2024/09/19 12:44:25 [notice] 35#35: exit
2024/09/19 12:44:25 [notice] 39#39: exit
2024/09/19 12:44:25 [notice] 40#40: exit
2024/09/19 12:44:25 [notice] 1#1: signal 17 (SIGCHLD) received from 31
2024/09/19 12:44:25 [notice] 1#1: worker process 31 exited with code 0
2024/09/19 12:44:25 [notice] 1#1: worker process 36 exited with code 0
2024/09/19 12:44:25 [notice] 1#1: worker process 37 exited with code 0
2024/09/19 12:44:25 [notice] 1#1: signal 29 (SIGIO) received
2024/09/19 12:44:25 [notice] 1#1: signal 17 (SIGCHLD) received from 40
2024/09/19 12:44:25 [notice] 1#1: worker process 29 exited with code 0
2024/09/19 12:44:25 [notice] 1#1: worker process 30 exited with code 0
2024/09/19 12:44:25 [notice] 1#1: worker process 32 exited with code 0
2024/09/19 12:44:25 [notice] 1#1: worker process 33 exited with code 0
2024/09/19 12:44:25 [notice] 1#1: worker process 35 exited with code 0
2024/09/19 12:44:25 [notice] 1#1: worker process 38 exited with code 0
2024/09/19 12:44:25 [notice] 1#1: worker process 39 exited with code 0
2024/09/19 12:44:25 [notice] 1#1: worker process 40 exited with code 0
2024/09/19 12:44:25 [notice] 1#1: signal 29 (SIGIO) received
2024/09/19 12:44:25 [notice] 1#1: signal 17 (SIGCHLD) received from 35
2024/09/19 12:44:25 [notice] 1#1: signal 17 (SIGCHLD) received from 34
2024/09/19 12:44:25 [notice] 1#1: worker process 34 exited with code 0
2024/09/19 12:44:25 [notice] 1#1: exit
2024/09/19 12:44:30 [notice] 1#1: using the "epoll" event method
2024/09/19 12:44:30 [notice] 1#1: nginx/1.27.1
2024/09/19 12:44:30 [notice] 1#1: built by gcc 12.2.0 (Debian 12.2.0-14) 
2024/09/19 12:44:30 [notice] 1#1: OS: Linux 6.10.4-linuxkit
2024/09/19 12:44:30 [notice] 1#1: getrlimit(RLIMIT_NOFILE): 1048576:1048576
2024/09/19 12:44:30 [notice] 1#1: start worker processes
2024/09/19 12:44:30 [notice] 1#1: start worker process 22
2024/09/19 12:44:30 [notice] 1#1: start worker process 23
2024/09/19 12:44:30 [notice] 1#1: start worker process 24
2024/09/19 12:44:30 [notice] 1#1: start worker process 25
2024/09/19 12:44:30 [notice] 1#1: start worker process 26
2024/09/19 12:44:30 [notice] 1#1: start worker process 27
2024/09/19 12:44:30 [notice] 1#1: start worker process 28
2024/09/19 12:44:30 [notice] 1#1: start worker process 29
2024/09/19 12:44:30 [notice] 1#1: start worker process 30
2024/09/19 12:44:30 [notice] 1#1: start worker process 31
2024/09/19 12:44:30 [notice] 1#1: start worker process 32
2024/09/19 12:44:30 [notice] 1#1: start worker process 33
2024/09/19 12:48:14 [notice] 1#1: signal 3 (SIGQUIT) received, shutting down
2024/09/19 12:48:14 [notice] 22#22: gracefully shutting down
2024/09/19 12:48:14 [notice] 23#23: gracefully shutting down
2024/09/19 12:48:14 [notice] 25#25: gracefully shutting down
2024/09/19 12:48:14 [notice] 30#30: gracefully shutting down
2024/09/19 12:48:14 [notice] 31#31: gracefully shutting down
2024/09/19 12:48:14 [notice] 30#30: exiting
2024/09/19 12:48:14 [notice] 24#24: gracefully shutting down
2024/09/19 12:48:14 [notice] 32#32: gracefully shutting down
2024/09/19 12:48:14 [notice] 33#33: gracefully shutting down
2024/09/19 12:48:14 [notice] 32#32: exiting
2024/09/19 12:48:14 [notice] 26#26: gracefully shutting down
2024/09/19 12:48:14 [notice] 32#32: exit
2024/09/19 12:48:14 [notice] 27#27: gracefully shutting down
2024/09/19 12:48:14 [notice] 29#29: gracefully shutting down
2024/09/19 12:48:14 [notice] 28#28: gracefully shutting down
2024/09/19 12:48:14 [notice] 25#25: exiting
2024/09/19 12:48:14 [notice] 23#23: exiting
2024/09/19 12:48:14 [notice] 27#27: exiting
2024/09/19 12:48:14 [notice] 22#22: exiting
2024/09/19 12:48:14 [notice] 31#31: exiting
2024/09/19 12:48:14 [notice] 24#24: exiting
2024/09/19 12:48:14 [notice] 33#33: exiting
2024/09/19 12:48:14 [notice] 30#30: exit
2024/09/19 12:48:14 [notice] 26#26: exiting
2024/09/19 12:48:14 [notice] 29#29: exiting
2024/09/19 12:48:14 [notice] 25#25: exit
2024/09/19 12:48:14 [notice] 33#33: exit
2024/09/19 12:48:14 [notice] 28#28: exiting
2024/09/19 12:48:14 [notice] 23#23: exit
2024/09/19 12:48:14 [notice] 22#22: exit
2024/09/19 12:48:14 [notice] 27#27: exit
2024/09/19 12:48:14 [notice] 31#31: exit
2024/09/19 12:48:14 [notice] 24#24: exit
2024/09/19 12:48:14 [notice] 26#26: exit
2024/09/19 12:48:14 [notice] 29#29: exit
2024/09/19 12:48:14 [notice] 28#28: exit
2024/09/19 12:48:14 [notice] 1#1: signal 17 (SIGCHLD) received from 25
2024/09/19 12:48:14 [notice] 1#1: worker process 22 exited with code 0
2024/09/19 12:48:14 [notice] 1#1: worker process 23 exited with code 0
2024/09/19 12:48:14 [notice] 1#1: worker process 24 exited with code 0
2024/09/19 12:48:14 [notice] 1#1: worker process 25 exited with code 0
2024/09/19 12:48:14 [notice] 1#1: worker process 26 exited with code 0
2024/09/19 12:48:14 [notice] 1#1: worker process 27 exited with code 0
2024/09/19 12:48:14 [notice] 1#1: worker process 28 exited with code 0
2024/09/19 12:48:14 [notice] 1#1: worker process 29 exited with code 0
2024/09/19 12:48:14 [notice] 1#1: worker process 30 exited with code 0
2024/09/19 12:48:14 [notice] 1#1: worker process 31 exited with code 0
2024/09/19 12:48:14 [notice] 1#1: worker process 32 exited with code 0
2024/09/19 12:48:14 [notice] 1#1: worker process 33 exited with code 0
2024/09/19 12:48:14 [notice] 1#1: exit
2024/09/19 12:48:18 [notice] 1#1: using the "epoll" event method
2024/09/19 12:48:18 [notice] 1#1: nginx/1.27.1
2024/09/19 12:48:18 [notice] 1#1: built by gcc 12.2.0 (Debian 12.2.0-14) 
2024/09/19 12:48:18 [notice] 1#1: OS: Linux 6.10.4-linuxkit
2024/09/19 12:48:18 [notice] 1#1: getrlimit(RLIMIT_NOFILE): 1048576:1048576
2024/09/19 12:48:18 [notice] 1#1: start worker processes
2024/09/19 12:48:18 [notice] 1#1: start worker process 22
2024/09/19 12:48:18 [notice] 1#1: start worker process 23
2024/09/19 12:48:18 [notice] 1#1: start worker process 24
2024/09/19 12:48:18 [notice] 1#1: start worker process 25
2024/09/19 12:48:18 [notice] 1#1: start worker process 26
2024/09/19 12:48:18 [notice] 1#1: start worker process 27
2024/09/19 12:48:18 [notice] 1#1: start worker process 28
2024/09/19 12:48:18 [notice] 1#1: start worker process 29
2024/09/19 12:48:18 [notice] 1#1: start worker process 30
2024/09/19 12:48:18 [notice] 1#1: start worker process 31
2024/09/19 12:48:18 [notice] 1#1: start worker process 32
2024/09/19 12:48:18 [notice] 1#1: start worker process 33
2024/09/19 12:48:49 [notice] 1#1: signal 3 (SIGQUIT) received, shutting down
2024/09/19 12:48:49 [notice] 23#23: gracefully shutting down
2024/09/19 12:48:49 [notice] 24#24: gracefully shutting down
2024/09/19 12:48:49 [notice] 25#25: gracefully shutting down
2024/09/19 12:48:49 [notice] 26#26: gracefully shutting down
2024/09/19 12:48:49 [notice] 27#27: gracefully shutting down
2024/09/19 12:48:49 [notice] 22#22: gracefully shutting down
2024/09/19 12:48:49 [notice] 31#31: gracefully shutting down
2024/09/19 12:48:49 [notice] 32#32: gracefully shutting down
2024/09/19 12:48:49 [notice] 32#32: exiting
2024/09/19 12:48:49 [notice] 33#33: gracefully shutting down
2024/09/19 12:48:49 [notice] 28#28: gracefully shutting down
2024/09/19 12:48:49 [notice] 30#30: gracefully shutting down
2024/09/19 12:48:49 [notice] 28#28: exiting
2024/09/19 12:48:49 [notice] 29#29: gracefully shutting down
2024/09/19 12:48:49 [notice] 23#23: exiting
2024/09/19 12:48:49 [notice] 24#24: exiting
2024/09/19 12:48:49 [notice] 25#25: exiting
2024/09/19 12:48:49 [notice] 26#26: exiting
2024/09/19 12:48:49 [notice] 27#27: exiting
2024/09/19 12:48:49 [notice] 22#22: exiting
2024/09/19 12:48:49 [notice] 31#31: exiting
2024/09/19 12:48:49 [notice] 33#33: exiting
2024/09/19 12:48:49 [notice] 32#32: exit
2024/09/19 12:48:49 [notice] 30#30: exiting
2024/09/19 12:48:49 [notice] 28#28: exit
2024/09/19 12:48:49 [notice] 29#29: exiting
2024/09/19 12:48:49 [notice] 30#30: exit
2024/09/19 12:48:49 [notice] 23#23: exit
2024/09/19 12:48:49 [notice] 24#24: exit
2024/09/19 12:48:49 [notice] 25#25: exit
2024/09/19 12:48:49 [notice] 26#26: exit
2024/09/19 12:48:49 [notice] 27#27: exit
2024/09/19 12:48:49 [notice] 22#22: exit
2024/09/19 12:48:49 [notice] 31#31: exit
2024/09/19 12:48:49 [notice] 33#33: exit
2024/09/19 12:48:49 [notice] 29#29: exit
2024/09/19 12:48:49 [notice] 1#1: signal 17 (SIGCHLD) received from 29
2024/09/19 12:48:49 [notice] 1#1: worker process 22 exited with code 0
2024/09/19 12:48:49 [notice] 1#1: worker process 23 exited with code 0
2024/09/19 12:48:49 [notice] 1#1: worker process 25 exited with code 0
2024/09/19 12:48:49 [notice] 1#1: worker process 24 exited with code 0
2024/09/19 12:48:49 [notice] 1#1: worker process 26 exited with code 0
2024/09/19 12:48:49 [notice] 1#1: worker process 27 exited with code 0
2024/09/19 12:48:49 [notice] 1#1: worker process 28 exited with code 0
2024/09/19 12:48:49 [notice] 1#1: worker process 29 exited with code 0
2024/09/19 12:48:49 [notice] 1#1: worker process 30 exited with code 0
2024/09/19 12:48:49 [notice] 1#1: worker process 31 exited with code 0
2024/09/19 12:48:49 [notice] 1#1: worker process 32 exited with code 0
2024/09/19 12:48:49 [notice] 1#1: worker process 33 exited with code 0
2024/09/19 12:48:49 [notice] 1#1: exit
2024/09/19 12:49:02 [notice] 1#1: using the "epoll" event method
2024/09/19 12:49:02 [notice] 1#1: nginx/1.27.1
2024/09/19 12:49:02 [notice] 1#1: built by gcc 12.2.0 (Debian 12.2.0-14) 
2024/09/19 12:49:02 [notice] 1#1: OS: Linux 6.10.4-linuxkit
2024/09/19 12:49:02 [notice] 1#1: getrlimit(RLIMIT_NOFILE): 1048576:1048576
2024/09/19 12:49:02 [notice] 1#1: start worker processes
2024/09/19 12:49:02 [notice] 1#1: start worker process 22
2024/09/19 12:49:02 [notice] 1#1: start worker process 23
2024/09/19 12:49:02 [notice] 1#1: start worker process 24
2024/09/19 12:49:02 [notice] 1#1: start worker process 25
2024/09/19 12:49:02 [notice] 1#1: start worker process 26
2024/09/19 12:49:02 [notice] 1#1: start worker process 27
2024/09/19 12:49:02 [notice] 1#1: start worker process 28
2024/09/19 12:49:02 [notice] 1#1: start worker process 29
2024/09/19 12:49:02 [notice] 1#1: start worker process 30
2024/09/19 12:49:02 [notice] 1#1: start worker process 31
2024/09/19 12:49:02 [notice] 1#1: start worker process 32
2024/09/19 12:49:02 [notice] 1#1: start worker process 33
2024/09/19 12:49:41 [notice] 1#1: signal 3 (SIGQUIT) received, shutting down
2024/09/19 12:49:41 [notice] 23#23: gracefully shutting down
2024/09/19 12:49:41 [notice] 26#26: gracefully shutting down
2024/09/19 12:49:41 [notice] 27#27: gracefully shutting down
2024/09/19 12:49:41 [notice] 25#25: gracefully shutting down
2024/09/19 12:49:41 [notice] 28#28: gracefully shutting down
2024/09/19 12:49:41 [notice] 22#22: gracefully shutting down
2024/09/19 12:49:41 [notice] 33#33: gracefully shutting down
2024/09/19 12:49:41 [notice] 32#32: gracefully shutting down
2024/09/19 12:49:41 [notice] 29#29: gracefully shutting down
2024/09/19 12:49:41 [notice] 24#24: gracefully shutting down
2024/09/19 12:49:41 [notice] 31#31: gracefully shutting down
2024/09/19 12:49:41 [notice] 30#30: gracefully shutting down
2024/09/19 12:49:41 [notice] 23#23: exiting
2024/09/19 12:49:41 [notice] 30#30: exiting
2024/09/19 12:49:41 [notice] 26#26: exiting
2024/09/19 12:49:41 [notice] 27#27: exiting
2024/09/19 12:49:41 [notice] 25#25: exiting
2024/09/19 12:49:41 [notice] 28#28: exiting
2024/09/19 12:49:41 [notice] 22#22: exiting
2024/09/19 12:49:41 [notice] 33#33: exiting
2024/09/19 12:49:41 [notice] 32#32: exiting
2024/09/19 12:49:41 [notice] 29#29: exiting
2024/09/19 12:49:41 [notice] 24#24: exiting
2024/09/19 12:49:41 [notice] 31#31: exiting
2024/09/19 12:49:41 [notice] 30#30: exit
2024/09/19 12:49:41 [notice] 23#23: exit
2024/09/19 12:49:41 [notice] 31#31: exit
2024/09/19 12:49:41 [notice] 26#26: exit
2024/09/19 12:49:41 [notice] 25#25: exit
2024/09/19 12:49:41 [notice] 27#27: exit
2024/09/19 12:49:41 [notice] 22#22: exit
2024/09/19 12:49:41 [notice] 28#28: exit
2024/09/19 12:49:41 [notice] 33#33: exit
2024/09/19 12:49:41 [notice] 32#32: exit
2024/09/19 12:49:41 [notice] 29#29: exit
2024/09/19 12:49:41 [notice] 24#24: exit
2024/09/19 12:49:41 [notice] 1#1: signal 17 (SIGCHLD) received from 31
2024/09/19 12:49:41 [notice] 1#1: worker process 23 exited with code 0
2024/09/19 12:49:41 [notice] 1#1: worker process 25 exited with code 0
2024/09/19 12:49:41 [notice] 1#1: worker process 30 exited with code 0
2024/09/19 12:49:41 [notice] 1#1: worker process 31 exited with code 0
2024/09/19 12:49:41 [notice] 1#1: worker process 32 exited with code 0
2024/09/19 12:49:41 [notice] 1#1: worker process 33 exited with code 0
2024/09/19 12:49:41 [notice] 1#1: signal 29 (SIGIO) received
2024/09/19 12:49:41 [notice] 1#1: signal 17 (SIGCHLD) received from 33
2024/09/19 12:49:41 [notice] 1#1: signal 17 (SIGCHLD) received from 28
2024/09/19 12:49:41 [notice] 1#1: worker process 22 exited with code 0
2024/09/19 12:49:41 [notice] 1#1: worker process 27 exited with code 0
2024/09/19 12:49:41 [notice] 1#1: worker process 28 exited with code 0
2024/09/19 12:49:41 [notice] 1#1: signal 29 (SIGIO) received
2024/09/19 12:49:41 [notice] 1#1: signal 17 (SIGCHLD) received from 27
2024/09/19 12:49:41 [notice] 1#1: signal 17 (SIGCHLD) received from 29
2024/09/19 12:49:41 [notice] 1#1: worker process 24 exited with code 0
2024/09/19 12:49:41 [notice] 1#1: worker process 26 exited with code 0
2024/09/19 12:49:41 [notice] 1#1: worker process 29 exited with code 0
2024/09/19 12:49:41 [notice] 1#1: exit
2024/09/19 12:49:42 [notice] 1#1: using the "epoll" event method
2024/09/19 12:49:42 [notice] 1#1: nginx/1.27.1
2024/09/19 12:49:42 [notice] 1#1: built by gcc 12.2.0 (Debian 12.2.0-14) 
2024/09/19 12:49:42 [notice] 1#1: OS: Linux 6.10.4-linuxkit
2024/09/19 12:49:42 [notice] 1#1: getrlimit(RLIMIT_NOFILE): 1048576:1048576
2024/09/19 12:49:42 [notice] 1#1: start worker processes
2024/09/19 12:49:42 [notice] 1#1: start worker process 22
2024/09/19 12:49:42 [notice] 1#1: start worker process 23
2024/09/19 12:49:42 [notice] 1#1: start worker process 24
2024/09/19 12:49:42 [notice] 1#1: start worker process 25
2024/09/19 12:49:42 [notice] 1#1: start worker process 26
2024/09/19 12:49:42 [notice] 1#1: start worker process 27
2024/09/19 12:49:42 [notice] 1#1: start worker process 28
2024/09/19 12:49:42 [notice] 1#1: start worker process 29
2024/09/19 12:49:42 [notice] 1#1: start worker process 30
2024/09/19 12:49:42 [notice] 1#1: start worker process 31
2024/09/19 12:49:42 [notice] 1#1: start worker process 32
2024/09/19 12:49:42 [notice] 1#1: start worker process 33
2024/09/19 12:50:33 [notice] 1#1: signal 3 (SIGQUIT) received, shutting down
2024/09/19 12:50:33 [notice] 24#24: gracefully shutting down
2024/09/19 12:50:33 [notice] 28#28: gracefully shutting down
2024/09/19 12:50:33 [notice] 22#22: gracefully shutting down
2024/09/19 12:50:33 [notice] 26#26: gracefully shutting down
2024/09/19 12:50:33 [notice] 25#25: gracefully shutting down
2024/09/19 12:50:33 [notice] 27#27: gracefully shutting down
2024/09/19 12:50:33 [notice] 23#23: gracefully shutting down
2024/09/19 12:50:33 [notice] 29#29: gracefully shutting down
2024/09/19 12:50:33 [notice] 31#31: gracefully shutting down
2024/09/19 12:50:33 [notice] 32#32: gracefully shutting down
2024/09/19 12:50:33 [notice] 31#31: exiting
2024/09/19 12:50:33 [notice] 33#33: gracefully shutting down
2024/09/19 12:50:33 [notice] 24#24: exiting
2024/09/19 12:50:33 [notice] 30#30: gracefully shutting down
2024/09/19 12:50:33 [notice] 28#28: exiting
2024/09/19 12:50:33 [notice] 30#30: exiting
2024/09/19 12:50:33 [notice] 22#22: exiting
2024/09/19 12:50:33 [notice] 26#26: exiting
2024/09/19 12:50:33 [notice] 25#25: exiting
2024/09/19 12:50:33 [notice] 27#27: exiting
2024/09/19 12:50:33 [notice] 29#29: exiting
2024/09/19 12:50:33 [notice] 25#25: exit
2024/09/19 12:50:33 [notice] 23#23: exiting
2024/09/19 12:50:33 [notice] 29#29: exit
2024/09/19 12:50:33 [notice] 32#32: exiting
2024/09/19 12:50:33 [notice] 23#23: exit
2024/09/19 12:50:33 [notice] 33#33: exiting
2024/09/19 12:50:33 [notice] 24#24: exit
2024/09/19 12:50:33 [notice] 31#31: exit
2024/09/19 12:50:33 [notice] 28#28: exit
2024/09/19 12:50:33 [notice] 30#30: exit
2024/09/19 12:50:33 [notice] 26#26: exit
2024/09/19 12:50:33 [notice] 22#22: exit
2024/09/19 12:50:33 [notice] 27#27: exit
2024/09/19 12:50:33 [notice] 32#32: exit
2024/09/19 12:50:33 [notice] 33#33: exit
2024/09/19 12:50:33 [notice] 1#1: signal 17 (SIGCHLD) received from 31
2024/09/19 12:50:33 [notice] 1#1: worker process 22 exited with code 0
2024/09/19 12:50:33 [notice] 1#1: worker process 31 exited with code 0
2024/09/19 12:50:33 [notice] 1#1: signal 29 (SIGIO) received
2024/09/19 12:50:33 [notice] 1#1: signal 17 (SIGCHLD) received from 25
2024/09/19 12:50:33 [notice] 1#1: worker process 24 exited with code 0
2024/09/19 12:50:33 [notice] 1#1: worker process 25 exited with code 0
2024/09/19 12:50:33 [notice] 1#1: worker process 26 exited with code 0
2024/09/19 12:50:33 [notice] 1#1: worker process 27 exited with code 0
2024/09/19 12:50:33 [notice] 1#1: worker process 23 exited with code 0
2024/09/19 12:50:33 [notice] 1#1: worker process 28 exited with code 0
2024/09/19 12:50:33 [notice] 1#1: worker process 29 exited with code 0
2024/09/19 12:50:33 [notice] 1#1: worker process 30 exited with code 0
2024/09/19 12:50:33 [notice] 1#1: worker process 32 exited with code 0
2024/09/19 12:50:33 [notice] 1#1: worker process 33 exited with code 0
2024/09/19 12:50:33 [notice] 1#1: exit
2024/09/19 12:50:34 [emerg] 1#1: unknown directive "if($request_uri" in /etc/nginx/conf.d/app.conf:11
2024/09/19 12:51:27 [emerg] 1#1: unknown directive "else" in /etc/nginx/conf.d/app.conf:13
2024/09/19 12:52:46 [notice] 1#1: using the "epoll" event method
2024/09/19 12:52:46 [notice] 1#1: nginx/1.27.1
2024/09/19 12:52:46 [notice] 1#1: built by gcc 12.2.0 (Debian 12.2.0-14) 
2024/09/19 12:52:46 [notice] 1#1: OS: Linux 6.10.4-linuxkit
2024/09/19 12:52:46 [notice] 1#1: getrlimit(RLIMIT_NOFILE): 1048576:1048576
2024/09/19 12:52:46 [notice] 1#1: start worker processes
2024/09/19 12:52:46 [notice] 1#1: start worker process 22
2024/09/19 12:52:46 [notice] 1#1: start worker process 23
2024/09/19 12:52:46 [notice] 1#1: start worker process 24
2024/09/19 12:52:46 [notice] 1#1: start worker process 25
2024/09/19 12:52:46 [notice] 1#1: start worker process 26
2024/09/19 12:52:46 [notice] 1#1: start worker process 27
2024/09/19 12:52:46 [notice] 1#1: start worker process 28
2024/09/19 12:52:46 [notice] 1#1: start worker process 29
2024/09/19 12:52:46 [notice] 1#1: start worker process 30
2024/09/19 12:52:46 [notice] 1#1: start worker process 31
2024/09/19 12:52:46 [notice] 1#1: start worker process 32
2024/09/19 12:52:46 [notice] 1#1: start worker process 33
2024/09/19 12:53:44 [notice] 1#1: signal 3 (SIGQUIT) received, shutting down
2024/09/19 12:53:44 [notice] 23#23: gracefully shutting down
2024/09/19 12:53:44 [notice] 32#32: gracefully shutting down
2024/09/19 12:53:44 [notice] 22#22: gracefully shutting down
2024/09/19 12:53:44 [notice] 24#24: gracefully shutting down
2024/09/19 12:53:44 [notice] 25#25: gracefully shutting down
2024/09/19 12:53:44 [notice] 26#26: gracefully shutting down
2024/09/19 12:53:44 [notice] 25#25: exiting
2024/09/19 12:53:44 [notice] 30#30: gracefully shutting down
2024/09/19 12:53:44 [notice] 31#31: gracefully shutting down
2024/09/19 12:53:44 [notice] 30#30: exiting
2024/09/19 12:53:44 [notice] 33#33: gracefully shutting down
2024/09/19 12:53:44 [notice] 28#28: gracefully shutting down
2024/09/19 12:53:44 [notice] 29#29: gracefully shutting down
2024/09/19 12:53:44 [notice] 27#27: gracefully shutting down
2024/09/19 12:53:44 [notice] 23#23: exiting
2024/09/19 12:53:44 [notice] 32#32: exiting
2024/09/19 12:53:44 [notice] 22#22: exiting
2024/09/19 12:53:44 [notice] 24#24: exiting
2024/09/19 12:53:44 [notice] 26#26: exiting
2024/09/19 12:53:44 [notice] 31#31: exiting
2024/09/19 12:53:44 [notice] 30#30: exit
2024/09/19 12:53:44 [notice] 28#28: exiting
2024/09/19 12:53:44 [notice] 25#25: exit
2024/09/19 12:53:44 [notice] 33#33: exiting
2024/09/19 12:53:44 [notice] 29#29: exiting
2024/09/19 12:53:44 [notice] 27#27: exiting
2024/09/19 12:53:44 [notice] 23#23: exit
2024/09/19 12:53:44 [notice] 32#32: exit
2024/09/19 12:53:44 [notice] 29#29: exit
2024/09/19 12:53:44 [notice] 22#22: exit
2024/09/19 12:53:44 [notice] 24#24: exit
2024/09/19 12:53:44 [notice] 26#26: exit
2024/09/19 12:53:44 [notice] 31#31: exit
2024/09/19 12:53:44 [notice] 28#28: exit
2024/09/19 12:53:44 [notice] 33#33: exit
2024/09/19 12:53:44 [notice] 27#27: exit
2024/09/19 12:53:44 [notice] 1#1: signal 17 (SIGCHLD) received from 30
2024/09/19 12:53:44 [notice] 1#1: worker process 26 exited with code 0
2024/09/19 12:53:44 [notice] 1#1: worker process 28 exited with code 0
2024/09/19 12:53:44 [notice] 1#1: worker process 29 exited with code 0
2024/09/19 12:53:44 [notice] 1#1: worker process 22 exited with code 0
2024/09/19 12:53:44 [notice] 1#1: worker process 23 exited with code 0
2024/09/19 12:53:44 [notice] 1#1: worker process 30 exited with code 0
2024/09/19 12:53:44 [notice] 1#1: worker process 31 exited with code 0
2024/09/19 12:53:44 [notice] 1#1: worker process 32 exited with code 0
2024/09/19 12:53:44 [notice] 1#1: worker process 33 exited with code 0
2024/09/19 12:53:44 [notice] 1#1: signal 29 (SIGIO) received
2024/09/19 12:53:44 [notice] 1#1: signal 17 (SIGCHLD) received from 33
2024/09/19 12:53:44 [notice] 1#1: signal 17 (SIGCHLD) received from 24
2024/09/19 12:53:44 [notice] 1#1: worker process 24 exited with code 0
2024/09/19 12:53:44 [notice] 1#1: signal 29 (SIGIO) received
2024/09/19 12:53:44 [notice] 1#1: signal 17 (SIGCHLD) received from 27
2024/09/19 12:53:44 [notice] 1#1: worker process 27 exited with code 0
2024/09/19 12:53:44 [notice] 1#1: worker process 25 exited with code 0
2024/09/19 12:53:44 [notice] 1#1: exit
2024/09/19 12:53:45 [emerg] 1#1: unknown directive "else" in /etc/nginx/conf.d/app.conf:18
2024/09/19 12:54:27 [notice] 1#1: using the "epoll" event method
2024/09/19 12:54:27 [notice] 1#1: nginx/1.27.1
2024/09/19 12:54:27 [notice] 1#1: built by gcc 12.2.0 (Debian 12.2.0-14) 
2024/09/19 12:54:27 [notice] 1#1: OS: Linux 6.10.4-linuxkit
2024/09/19 12:54:27 [notice] 1#1: getrlimit(RLIMIT_NOFILE): 1048576:1048576
2024/09/19 12:54:27 [notice] 1#1: start worker processes
2024/09/19 12:54:27 [notice] 1#1: start worker process 22
2024/09/19 12:54:27 [notice] 1#1: start worker process 23
2024/09/19 12:54:27 [notice] 1#1: start worker process 24
2024/09/19 12:54:27 [notice] 1#1: start worker process 25
2024/09/19 12:54:27 [notice] 1#1: start worker process 26
2024/09/19 12:54:27 [notice] 1#1: start worker process 27
2024/09/19 12:54:27 [notice] 1#1: start worker process 28
2024/09/19 12:54:27 [notice] 1#1: start worker process 29
2024/09/19 12:54:27 [notice] 1#1: start worker process 30
2024/09/19 12:54:27 [notice] 1#1: start worker process 31
2024/09/19 12:54:27 [notice] 1#1: start worker process 32
2024/09/19 12:54:27 [notice] 1#1: start worker process 33
2024/09/19 12:55:25 [notice] 1#1: signal 3 (SIGQUIT) received, shutting down
2024/09/19 12:55:25 [notice] 23#23: gracefully shutting down
2024/09/19 12:55:25 [notice] 25#25: gracefully shutting down
2024/09/19 12:55:25 [notice] 22#22: gracefully shutting down
2024/09/19 12:55:25 [notice] 33#33: gracefully shutting down
2024/09/19 12:55:25 [notice] 24#24: gracefully shutting down
2024/09/19 12:55:25 [notice] 29#29: gracefully shutting down
2024/09/19 12:55:25 [notice] 32#32: gracefully shutting down
2024/09/19 12:55:25 [notice] 27#27: gracefully shutting down
2024/09/19 12:55:25 [notice] 30#30: gracefully shutting down
2024/09/19 12:55:25 [notice] 31#31: gracefully shutting down
2024/09/19 12:55:25 [notice] 26#26: gracefully shutting down
2024/09/19 12:55:25 [notice] 28#28: gracefully shutting down
2024/09/19 12:55:25 [notice] 23#23: exiting
2024/09/19 12:55:25 [notice] 26#26: exiting
2024/09/19 12:55:25 [notice] 25#25: exiting
2024/09/19 12:55:25 [notice] 22#22: exiting
2024/09/19 12:55:25 [notice] 33#33: exiting
2024/09/19 12:55:25 [notice] 29#29: exiting
2024/09/19 12:55:25 [notice] 24#24: exiting
2024/09/19 12:55:25 [notice] 32#32: exiting
2024/09/19 12:55:25 [notice] 33#33: exit
2024/09/19 12:55:25 [notice] 27#27: exiting
2024/09/19 12:55:25 [notice] 30#30: exiting
2024/09/19 12:55:25 [notice] 31#31: exiting
2024/09/19 12:55:25 [notice] 28#28: exiting
2024/09/19 12:55:25 [notice] 23#23: exit
2024/09/19 12:55:25 [notice] 25#25: exit
2024/09/19 12:55:25 [notice] 28#28: exit
2024/09/19 12:55:25 [notice] 26#26: exit
2024/09/19 12:55:25 [notice] 22#22: exit
2024/09/19 12:55:25 [notice] 24#24: exit
2024/09/19 12:55:25 [notice] 29#29: exit
2024/09/19 12:55:25 [notice] 32#32: exit
2024/09/19 12:55:25 [notice] 27#27: exit
2024/09/19 12:55:25 [notice] 30#30: exit
2024/09/19 12:55:25 [notice] 31#31: exit
2024/09/19 12:55:25 [notice] 1#1: signal 17 (SIGCHLD) received from 32
2024/09/19 12:55:25 [notice] 1#1: worker process 22 exited with code 0
2024/09/19 12:55:25 [notice] 1#1: worker process 23 exited with code 0
2024/09/19 12:55:25 [notice] 1#1: worker process 24 exited with code 0
2024/09/19 12:55:25 [notice] 1#1: worker process 26 exited with code 0
2024/09/19 12:55:25 [notice] 1#1: worker process 28 exited with code 0
2024/09/19 12:55:25 [notice] 1#1: worker process 29 exited with code 0
2024/09/19 12:55:25 [notice] 1#1: worker process 30 exited with code 0
2024/09/19 12:55:25 [notice] 1#1: worker process 31 exited with code 0
2024/09/19 12:55:25 [notice] 1#1: worker process 32 exited with code 0
2024/09/19 12:55:25 [notice] 1#1: worker process 33 exited with code 0
2024/09/19 12:55:25 [notice] 1#1: signal 29 (SIGIO) received
2024/09/19 12:55:25 [notice] 1#1: signal 17 (SIGCHLD) received from 24
2024/09/19 12:55:25 [notice] 1#1: signal 17 (SIGCHLD) received from 25
2024/09/19 12:55:25 [notice] 1#1: worker process 25 exited with code 0
2024/09/19 12:55:25 [notice] 1#1: worker process 27 exited with code 0
2024/09/19 12:55:25 [notice] 1#1: exit
2024/09/19 12:55:26 [notice] 1#1: using the "epoll" event method
2024/09/19 12:55:26 [notice] 1#1: nginx/1.27.1
2024/09/19 12:55:26 [notice] 1#1: built by gcc 12.2.0 (Debian 12.2.0-14) 
2024/09/19 12:55:26 [notice] 1#1: OS: Linux 6.10.4-linuxkit
2024/09/19 12:55:26 [notice] 1#1: getrlimit(RLIMIT_NOFILE): 1048576:1048576
2024/09/19 12:55:26 [notice] 1#1: start worker processes
2024/09/19 12:55:26 [notice] 1#1: start worker process 22
2024/09/19 12:55:26 [notice] 1#1: start worker process 23
2024/09/19 12:55:26 [notice] 1#1: start worker process 24
2024/09/19 12:55:26 [notice] 1#1: start worker process 25
2024/09/19 12:55:26 [notice] 1#1: start worker process 26
2024/09/19 12:55:26 [notice] 1#1: start worker process 27
2024/09/19 12:55:26 [notice] 1#1: start worker process 28
2024/09/19 12:55:26 [notice] 1#1: start worker process 29
2024/09/19 12:55:26 [notice] 1#1: start worker process 30
2024/09/19 12:55:26 [notice] 1#1: start worker process 31
2024/09/19 12:55:26 [notice] 1#1: start worker process 32
2024/09/19 12:55:26 [notice] 1#1: start worker process 33
2024/09/19 12:57:13 [notice] 1#1: signal 3 (SIGQUIT) received, shutting down
2024/09/19 12:57:13 [notice] 22#22: gracefully shutting down
2024/09/19 12:57:13 [notice] 33#33: gracefully shutting down
2024/09/19 12:57:13 [notice] 24#24: gracefully shutting down
2024/09/19 12:57:13 [notice] 23#23: gracefully shutting down
2024/09/19 12:57:13 [notice] 25#25: gracefully shutting down
2024/09/19 12:57:13 [notice] 28#28: gracefully shutting down
2024/09/19 12:57:13 [notice] 30#30: gracefully shutting down
2024/09/19 12:57:13 [notice] 29#29: gracefully shutting down
2024/09/19 12:57:13 [notice] 27#27: gracefully shutting down
2024/09/19 12:57:13 [notice] 31#31: gracefully shutting down
2024/09/19 12:57:13 [notice] 26#26: gracefully shutting down
2024/09/19 12:57:13 [notice] 31#31: exiting
2024/09/19 12:57:13 [notice] 32#32: gracefully shutting down
2024/09/19 12:57:13 [notice] 22#22: exiting
2024/09/19 12:57:13 [notice] 33#33: exiting
2024/09/19 12:57:13 [notice] 24#24: exiting
2024/09/19 12:57:13 [notice] 23#23: exiting
2024/09/19 12:57:13 [notice] 25#25: exiting
2024/09/19 12:57:13 [notice] 28#28: exiting
2024/09/19 12:57:13 [notice] 30#30: exiting
2024/09/19 12:57:13 [notice] 29#29: exiting
2024/09/19 12:57:13 [notice] 27#27: exiting
2024/09/19 12:57:13 [notice] 30#30: exit
2024/09/19 12:57:13 [notice] 26#26: exiting
2024/09/19 12:57:13 [notice] 32#32: exiting
2024/09/19 12:57:13 [notice] 31#31: exit
2024/09/19 12:57:13 [notice] 22#22: exit
2024/09/19 12:57:13 [notice] 32#32: exit
2024/09/19 12:57:13 [notice] 33#33: exit
2024/09/19 12:57:13 [notice] 24#24: exit
2024/09/19 12:57:13 [notice] 23#23: exit
2024/09/19 12:57:13 [notice] 25#25: exit
2024/09/19 12:57:13 [notice] 28#28: exit
2024/09/19 12:57:13 [notice] 29#29: exit
2024/09/19 12:57:13 [notice] 27#27: exit
2024/09/19 12:57:13 [notice] 26#26: exit
2024/09/19 12:57:13 [notice] 1#1: signal 17 (SIGCHLD) received from 22
2024/09/19 12:57:13 [notice] 1#1: worker process 22 exited with code 0
2024/09/19 12:57:13 [notice] 1#1: worker process 25 exited with code 0
2024/09/19 12:57:13 [notice] 1#1: worker process 27 exited with code 0
2024/09/19 12:57:13 [notice] 1#1: worker process 28 exited with code 0
2024/09/19 12:57:13 [notice] 1#1: worker process 30 exited with code 0
2024/09/19 12:57:13 [notice] 1#1: signal 29 (SIGIO) received
2024/09/19 12:57:13 [notice] 1#1: signal 17 (SIGCHLD) received from 27
2024/09/19 12:57:13 [notice] 1#1: signal 17 (SIGCHLD) received from 29
2024/09/19 12:57:13 [notice] 1#1: worker process 29 exited with code 0
2024/09/19 12:57:13 [notice] 1#1: signal 29 (SIGIO) received
2024/09/19 12:57:13 [notice] 1#1: signal 17 (SIGCHLD) received from 23
2024/09/19 12:57:13 [notice] 1#1: worker process 23 exited with code 0
2024/09/19 12:57:13 [notice] 1#1: worker process 24 exited with code 0
2024/09/19 12:57:13 [notice] 1#1: worker process 26 exited with code 0
2024/09/19 12:57:13 [notice] 1#1: worker process 31 exited with code 0
2024/09/19 12:57:13 [notice] 1#1: worker process 32 exited with code 0
2024/09/19 12:57:13 [notice] 1#1: signal 29 (SIGIO) received
2024/09/19 12:57:13 [notice] 1#1: signal 17 (SIGCHLD) received from 31
2024/09/19 12:57:13 [notice] 1#1: signal 17 (SIGCHLD) received from 33
2024/09/19 12:57:13 [notice] 1#1: worker process 33 exited with code 0
2024/09/19 12:57:13 [notice] 1#1: exit
2024/09/20 12:01:18 [notice] 1#1: using the "epoll" event method
2024/09/20 12:01:18 [notice] 1#1: nginx/1.27.1
2024/09/20 12:01:18 [notice] 1#1: built by gcc 12.2.0 (Debian 12.2.0-14) 
2024/09/20 12:01:18 [notice] 1#1: OS: Linux 6.10.4-linuxkit
2024/09/20 12:01:18 [notice] 1#1: getrlimit(RLIMIT_NOFILE): 1048576:1048576
2024/09/20 12:01:18 [notice] 1#1: start worker processes
2024/09/20 12:01:18 [notice] 1#1: start worker process 29
2024/09/20 12:01:18 [notice] 1#1: start worker process 30
2024/09/20 12:01:18 [notice] 1#1: start worker process 31
2024/09/20 12:01:18 [notice] 1#1: start worker process 32
2024/09/20 12:01:18 [notice] 1#1: start worker process 33
2024/09/20 12:01:18 [notice] 1#1: start worker process 34
2024/09/20 12:01:18 [notice] 1#1: start worker process 35
2024/09/20 12:01:18 [notice] 1#1: start worker process 36
2024/09/20 12:01:18 [notice] 1#1: start worker process 37
2024/09/20 12:01:18 [notice] 1#1: start worker process 38
2024/09/20 12:01:18 [notice] 1#1: start worker process 39
2024/09/20 12:01:18 [notice] 1#1: start worker process 40
2024/09/20 12:05:37 [notice] 1#1: signal 3 (SIGQUIT) received, shutting down
2024/09/20 12:05:37 [notice] 30#30: gracefully shutting down
2024/09/20 12:05:37 [notice] 35#35: gracefully shutting down
2024/09/20 12:05:37 [notice] 29#29: gracefully shutting down
2024/09/20 12:05:37 [notice] 32#32: gracefully shutting down
2024/09/20 12:05:37 [notice] 33#33: gracefully shutting down
2024/09/20 12:05:37 [notice] 31#31: gracefully shutting down
2024/09/20 12:05:37 [notice] 37#37: gracefully shutting down
2024/09/20 12:05:37 [notice] 30#30: exiting
2024/09/20 12:05:37 [notice] 34#34: gracefully shutting down
2024/09/20 12:05:37 [notice] 39#39: gracefully shutting down
2024/09/20 12:05:37 [notice] 40#40: gracefully shutting down
2024/09/20 12:05:37 [notice] 38#38: gracefully shutting down
2024/09/20 12:05:37 [notice] 40#40: exiting
2024/09/20 12:05:37 [notice] 36#36: gracefully shutting down
2024/09/20 12:05:37 [notice] 35#35: exiting
2024/09/20 12:05:37 [notice] 29#29: exiting
2024/09/20 12:05:37 [notice] 32#32: exiting
2024/09/20 12:05:37 [notice] 33#33: exiting
2024/09/20 12:05:37 [notice] 31#31: exiting
2024/09/20 12:05:37 [notice] 37#37: exiting
2024/09/20 12:05:37 [notice] 30#30: exit
2024/09/20 12:05:37 [notice] 31#31: exit
2024/09/20 12:05:37 [notice] 34#34: exiting
2024/09/20 12:05:37 [notice] 39#39: exiting
2024/09/20 12:05:37 [notice] 38#38: exiting
2024/09/20 12:05:37 [notice] 40#40: exit
2024/09/20 12:05:37 [notice] 36#36: exiting
2024/09/20 12:05:37 [notice] 38#38: exit
2024/09/20 12:05:37 [notice] 35#35: exit
2024/09/20 12:05:37 [notice] 29#29: exit
2024/09/20 12:05:37 [notice] 32#32: exit
2024/09/20 12:05:37 [notice] 33#33: exit
2024/09/20 12:05:37 [notice] 37#37: exit
2024/09/20 12:05:37 [notice] 34#34: exit
2024/09/20 12:05:37 [notice] 39#39: exit
2024/09/20 12:05:37 [notice] 36#36: exit
2024/09/20 12:05:37 [notice] 1#1: signal 17 (SIGCHLD) received from 40
2024/09/20 12:05:37 [notice] 1#1: worker process 40 exited with code 0
2024/09/20 12:05:37 [notice] 1#1: signal 29 (SIGIO) received
2024/09/20 12:05:37 [notice] 1#1: signal 17 (SIGCHLD) received from 39
2024/09/20 12:05:37 [notice] 1#1: worker process 35 exited with code 0
2024/09/20 12:05:37 [notice] 1#1: worker process 29 exited with code 0
2024/09/20 12:05:37 [notice] 1#1: worker process 30 exited with code 0
2024/09/20 12:05:37 [notice] 1#1: worker process 31 exited with code 0
2024/09/20 12:05:37 [notice] 1#1: worker process 33 exited with code 0
2024/09/20 12:05:37 [notice] 1#1: worker process 36 exited with code 0
2024/09/20 12:05:37 [notice] 1#1: worker process 37 exited with code 0
2024/09/20 12:05:37 [notice] 1#1: worker process 38 exited with code 0
2024/09/20 12:05:37 [notice] 1#1: worker process 39 exited with code 0
2024/09/20 12:05:37 [notice] 1#1: signal 29 (SIGIO) received
2024/09/20 12:05:37 [notice] 1#1: signal 17 (SIGCHLD) received from 38
2024/09/20 12:05:37 [notice] 1#1: signal 17 (SIGCHLD) received from 34
2024/09/20 12:05:37 [notice] 1#1: worker process 32 exited with code 0
2024/09/20 12:05:37 [notice] 1#1: worker process 34 exited with code 0
2024/09/20 12:05:37 [notice] 1#1: exit
2024/09/20 12:05:38 [notice] 1#1: using the "epoll" event method
2024/09/20 12:05:38 [notice] 1#1: nginx/1.27.1
2024/09/20 12:05:38 [notice] 1#1: built by gcc 12.2.0 (Debian 12.2.0-14) 
2024/09/20 12:05:38 [notice] 1#1: OS: Linux 6.10.4-linuxkit
2024/09/20 12:05:38 [notice] 1#1: getrlimit(RLIMIT_NOFILE): 1048576:1048576
2024/09/20 12:05:38 [notice] 1#1: start worker processes
2024/09/20 12:05:38 [notice] 1#1: start worker process 22
2024/09/20 12:05:38 [notice] 1#1: start worker process 23
2024/09/20 12:05:38 [notice] 1#1: start worker process 24
2024/09/20 12:05:38 [notice] 1#1: start worker process 25
2024/09/20 12:05:38 [notice] 1#1: start worker process 26
2024/09/20 12:05:38 [notice] 1#1: start worker process 27
2024/09/20 12:05:38 [notice] 1#1: start worker process 28
2024/09/20 12:05:38 [notice] 1#1: start worker process 29
2024/09/20 12:05:38 [notice] 1#1: start worker process 30
2024/09/20 12:05:38 [notice] 1#1: start worker process 31
2024/09/20 12:05:38 [notice] 1#1: start worker process 32
2024/09/20 12:05:38 [notice] 1#1: start worker process 33
2024/09/20 12:05:56 [notice] 1#1: signal 3 (SIGQUIT) received, shutting down
2024/09/20 12:05:56 [notice] 23#23: gracefully shutting down
2024/09/20 12:05:56 [notice] 33#33: gracefully shutting down
2024/09/20 12:05:56 [notice] 25#25: gracefully shutting down
2024/09/20 12:05:56 [notice] 26#26: gracefully shutting down
2024/09/20 12:05:56 [notice] 24#24: gracefully shutting down
2024/09/20 12:05:56 [notice] 22#22: gracefully shutting down
2024/09/20 12:05:56 [notice] 30#30: gracefully shutting down
2024/09/20 12:05:56 [notice] 29#29: gracefully shutting down
2024/09/20 12:05:56 [notice] 29#29: exiting
2024/09/20 12:05:56 [notice] 27#27: gracefully shutting down
2024/09/20 12:05:56 [notice] 28#28: gracefully shutting down
2024/09/20 12:05:56 [notice] 31#31: gracefully shutting down
2024/09/20 12:05:56 [notice] 32#32: gracefully shutting down
2024/09/20 12:05:56 [notice] 23#23: exiting
2024/09/20 12:05:56 [notice] 33#33: exiting
2024/09/20 12:05:56 [notice] 25#25: exiting
2024/09/20 12:05:56 [notice] 26#26: exiting
2024/09/20 12:05:56 [notice] 24#24: exiting
2024/09/20 12:05:56 [notice] 26#26: exit
2024/09/20 12:05:56 [notice] 22#22: exiting
2024/09/20 12:05:56 [notice] 30#30: exiting
2024/09/20 12:05:56 [notice] 29#29: exit
2024/09/20 12:05:56 [notice] 27#27: exiting
2024/09/20 12:05:56 [notice] 28#28: exiting
2024/09/20 12:05:56 [notice] 31#31: exiting
2024/09/20 12:05:56 [notice] 28#28: exit
2024/09/20 12:05:56 [notice] 32#32: exiting
2024/09/20 12:05:56 [notice] 23#23: exit
2024/09/20 12:05:56 [notice] 32#32: exit
2024/09/20 12:05:56 [notice] 33#33: exit
2024/09/20 12:05:56 [notice] 25#25: exit
2024/09/20 12:05:56 [notice] 24#24: exit
2024/09/20 12:05:56 [notice] 22#22: exit
2024/09/20 12:05:56 [notice] 30#30: exit
2024/09/20 12:05:56 [notice] 27#27: exit
2024/09/20 12:05:56 [notice] 31#31: exit
2024/09/20 12:05:56 [notice] 1#1: signal 17 (SIGCHLD) received from 26
2024/09/20 12:05:56 [notice] 1#1: worker process 22 exited with code 0
2024/09/20 12:05:56 [notice] 1#1: worker process 24 exited with code 0
2024/09/20 12:05:56 [notice] 1#1: worker process 25 exited with code 0
2024/09/20 12:05:56 [notice] 1#1: worker process 26 exited with code 0
2024/09/20 12:05:56 [notice] 1#1: worker process 27 exited with code 0
2024/09/20 12:05:56 [notice] 1#1: signal 29 (SIGIO) received
2024/09/20 12:05:56 [notice] 1#1: signal 17 (SIGCHLD) received from 22
2024/09/20 12:05:56 [notice] 1#1: signal 17 (SIGCHLD) received from 33
2024/09/20 12:05:56 [notice] 1#1: worker process 23 exited with code 0
2024/09/20 12:05:56 [notice] 1#1: worker process 28 exited with code 0
2024/09/20 12:05:56 [notice] 1#1: worker process 29 exited with code 0
2024/09/20 12:05:56 [notice] 1#1: worker process 30 exited with code 0
2024/09/20 12:05:56 [notice] 1#1: worker process 31 exited with code 0
2024/09/20 12:05:56 [notice] 1#1: worker process 32 exited with code 0
2024/09/20 12:05:56 [notice] 1#1: worker process 33 exited with code 0
2024/09/20 12:05:56 [notice] 1#1: exit
2024/09/20 12:07:31 [crit] 1#1: pread() "/etc/nginx/conf.d/app.conf" failed (21: Is a directory)
2024/09/20 12:07:46 [notice] 1#1: using the "epoll" event method
2024/09/20 12:07:46 [notice] 1#1: nginx/1.27.1
2024/09/20 12:07:46 [notice] 1#1: built by gcc 12.2.0 (Debian 12.2.0-14) 
2024/09/20 12:07:46 [notice] 1#1: OS: Linux 6.10.4-linuxkit
2024/09/20 12:07:46 [notice] 1#1: getrlimit(RLIMIT_NOFILE): 1048576:1048576
2024/09/20 12:07:46 [notice] 1#1: start worker processes
2024/09/20 12:07:46 [notice] 1#1: start worker process 29
2024/09/20 12:07:46 [notice] 1#1: start worker process 30
2024/09/20 12:07:46 [notice] 1#1: start worker process 31
2024/09/20 12:07:46 [notice] 1#1: start worker process 32
2024/09/20 12:07:46 [notice] 1#1: start worker process 33
2024/09/20 12:07:46 [notice] 1#1: start worker process 34
2024/09/20 12:07:46 [notice] 1#1: start worker process 35
2024/09/20 12:07:46 [notice] 1#1: start worker process 36
2024/09/20 12:07:46 [notice] 1#1: start worker process 37
2024/09/20 12:07:46 [notice] 1#1: start worker process 38
2024/09/20 12:07:46 [notice] 1#1: start worker process 39
2024/09/20 12:07:46 [notice] 1#1: start worker process 40
2024/09/20 12:08:34 [error] 29#29: *56 open() "/usr/share/nginx/html/favicon.ico" failed (2: No such file or directory), client: 192.168.65.1, server: localhost, request: "GET /favicon.ico HTTP/1.1", host: "localhost", referrer: "http://localhost/"
2024/09/20 12:08:43 [notice] 1#1: signal 3 (SIGQUIT) received, shutting down
2024/09/20 12:08:43 [notice] 30#30: gracefully shutting down
2024/09/20 12:08:43 [notice] 34#34: gracefully shutting down
2024/09/20 12:08:43 [notice] 31#31: gracefully shutting down
2024/09/20 12:08:43 [notice] 32#32: gracefully shutting down
2024/09/20 12:08:43 [notice] 32#32: exiting
2024/09/20 12:08:43 [notice] 33#33: gracefully shutting down
2024/09/20 12:08:43 [notice] 29#29: gracefully shutting down
2024/09/20 12:08:43 [notice] 38#38: gracefully shutting down
2024/09/20 12:08:43 [notice] 35#35: gracefully shutting down
2024/09/20 12:08:43 [notice] 37#37: gracefully shutting down
2024/09/20 12:08:43 [notice] 36#36: gracefully shutting down
2024/09/20 12:08:43 [notice] 39#39: gracefully shutting down
2024/09/20 12:08:43 [notice] 40#40: gracefully shutting down
2024/09/20 12:08:43 [notice] 30#30: exiting
2024/09/20 12:08:43 [notice] 34#34: exiting
2024/09/20 12:08:43 [notice] 31#31: exiting
2024/09/20 12:08:43 [notice] 32#32: exit
2024/09/20 12:08:43 [notice] 33#33: exiting
2024/09/20 12:08:43 [notice] 29#29: exiting
2024/09/20 12:08:43 [notice] 38#38: exiting
2024/09/20 12:08:43 [notice] 35#35: exiting
2024/09/20 12:08:43 [notice] 37#37: exiting
2024/09/20 12:08:43 [notice] 35#35: exit
2024/09/20 12:08:43 [notice] 36#36: exiting
2024/09/20 12:08:43 [notice] 39#39: exiting
2024/09/20 12:08:43 [notice] 40#40: exiting
2024/09/20 12:08:43 [notice] 30#30: exit
2024/09/20 12:08:43 [notice] 34#34: exit
2024/09/20 12:08:43 [notice] 31#31: exit
2024/09/20 12:08:43 [notice] 33#33: exit
2024/09/20 12:08:43 [notice] 29#29: exit
2024/09/20 12:08:43 [notice] 38#38: exit
2024/09/20 12:08:43 [notice] 37#37: exit
2024/09/20 12:08:43 [notice] 36#36: exit
2024/09/20 12:08:43 [notice] 39#39: exit
2024/09/20 12:08:43 [notice] 40#40: exit
2024/09/20 12:08:43 [notice] 1#1: signal 17 (SIGCHLD) received from 40
2024/09/20 12:08:43 [notice] 1#1: worker process 29 exited with code 0
2024/09/20 12:08:43 [notice] 1#1: worker process 30 exited with code 0
2024/09/20 12:08:43 [notice] 1#1: worker process 31 exited with code 0
2024/09/20 12:08:43 [notice] 1#1: worker process 32 exited with code 0
2024/09/20 12:08:43 [notice] 1#1: worker process 33 exited with code 0
2024/09/20 12:08:43 [notice] 1#1: worker process 34 exited with code 0
2024/09/20 12:08:43 [notice] 1#1: worker process 35 exited with code 0
2024/09/20 12:08:43 [notice] 1#1: worker process 36 exited with code 0
2024/09/20 12:08:43 [notice] 1#1: worker process 38 exited with code 0
2024/09/20 12:08:43 [notice] 1#1: worker process 39 exited with code 0
2024/09/20 12:08:43 [notice] 1#1: worker process 40 exited with code 0
2024/09/20 12:08:43 [notice] 1#1: signal 29 (SIGIO) received
2024/09/20 12:08:43 [notice] 1#1: signal 17 (SIGCHLD) received from 30
2024/09/20 12:08:43 [notice] 1#1: signal 17 (SIGCHLD) received from 37
2024/09/20 12:08:43 [notice] 1#1: worker process 37 exited with code 0
2024/09/20 12:08:43 [notice] 1#1: exit
